<?xml version="1.0" encoding="UTF-8"?>
<coverage generated="1654447809405" clover="3.2.0">
  <project timestamp="1654447809405" name="All files">
    <metrics statements="99" coveredstatements="85" conditionals="20" coveredconditionals="14" methods="12" coveredmethods="8" elements="131" coveredelements="107" complexity="0" loc="99" ncloc="99" packages="4" files="6" classes="6"/>
    <package name="myApp">
      <metrics statements="33" coveredstatements="27" conditionals="6" coveredconditionals="2" methods="4" coveredmethods="1"/>
      <file name="app.js" path="C:\Users\Chaima B.G\Desktop\Devops\myApp\app.js">
        <metrics statements="33" coveredstatements="27" conditionals="6" coveredconditionals="2" methods="4" coveredmethods="1"/>
        <line num="1" count="1" type="stmt"/>
        <line num="2" count="1" type="stmt"/>
        <line num="3" count="1" type="stmt"/>
        <line num="4" count="1" type="stmt"/>
        <line num="5" count="1" type="stmt"/>
        <line num="6" count="1" type="stmt"/>
        <line num="7" count="1" type="stmt"/>
        <line num="8" count="1" type="stmt"/>
        <line num="9" count="1" type="stmt"/>
        <line num="10" count="1" type="stmt"/>
        <line num="12" count="1" type="stmt"/>
        <line num="13" count="1" type="stmt"/>
        <line num="15" count="1" type="stmt"/>
        <line num="16" count="1" type="stmt"/>
        <line num="18" count="1" type="stmt"/>
        <line num="19" count="1" type="stmt"/>
        <line num="20" count="1" type="stmt"/>
        <line num="21" count="1" type="stmt"/>
        <line num="22" count="1" type="stmt"/>
        <line num="24" count="1" type="stmt"/>
        <line num="25" count="1" type="stmt"/>
        <line num="27" count="1" type="stmt"/>
        <line num="28" count="0" type="stmt"/>
        <line num="32" count="1" type="stmt"/>
        <line num="34" count="0" type="stmt"/>
        <line num="35" count="0" type="cond" truecount="0" falsecount="2"/>
        <line num="38" count="0" type="cond" truecount="0" falsecount="2"/>
        <line num="39" count="0" type="stmt"/>
        <line num="42" count="1" type="cond" truecount="2" falsecount="0"/>
        <line num="44" count="1" type="stmt"/>
        <line num="47" count="1" type="stmt"/>
        <line num="48" count="0" type="stmt"/>
        <line num="50" count="1" type="stmt"/>
      </file>
    </package>
    <package name="myApp.models">
      <metrics statements="3" coveredstatements="3" conditionals="0" coveredconditionals="0" methods="0" coveredmethods="0"/>
      <file name="User.js" path="C:\Users\Chaima B.G\Desktop\Devops\myApp\models\User.js">
        <metrics statements="3" coveredstatements="3" conditionals="0" coveredconditionals="0" methods="0" coveredmethods="0"/>
        <line num="1" count="1" type="stmt"/>
        <line num="2" count="1" type="stmt"/>
        <line num="10" count="1" type="stmt"/>
      </file>
    </package>
    <package name="myApp.routes">
      <metrics statements="17" coveredstatements="16" conditionals="0" coveredconditionals="0" methods="2" coveredmethods="1"/>
      <file name="index.js" path="C:\Users\Chaima B.G\Desktop\Devops\myApp\routes\index.js">
        <metrics statements="9" coveredstatements="8" conditionals="0" coveredconditionals="0" methods="2" coveredmethods="1"/>
        <line num="1" count="1" type="stmt"/>
        <line num="2" count="1" type="stmt"/>
        <line num="3" count="1" type="stmt"/>
        <line num="4" count="1" type="stmt"/>
        <line num="7" count="1" type="stmt"/>
        <line num="8" count="0" type="stmt"/>
        <line num="10" count="1" type="stmt"/>
        <line num="11" count="1" type="stmt"/>
        <line num="13" count="1" type="stmt"/>
      </file>
      <file name="users.js" path="C:\Users\Chaima B.G\Desktop\Devops\myApp\routes\users.js">
        <metrics statements="8" coveredstatements="8" conditionals="0" coveredconditionals="0" methods="0" coveredmethods="0"/>
        <line num="1" count="1" type="stmt"/>
        <line num="2" count="1" type="stmt"/>
        <line num="3" count="1" type="stmt"/>
        <line num="6" count="1" type="stmt"/>
        <line num="9" count="1" type="stmt"/>
        <line num="12" count="1" type="stmt"/>
        <line num="15" count="1" type="stmt"/>
        <line num="17" count="1" type="stmt"/>
      </file>
    </package>
    <package name="myApp.services">
      <metrics statements="46" coveredstatements="39" conditionals="14" coveredconditionals="12" methods="6" coveredmethods="6"/>
      <file name="index-service.js" path="C:\Users\Chaima B.G\Desktop\Devops\myApp\services\index-service.js">
        <metrics statements="12" coveredstatements="11" conditionals="6" coveredconditionals="5" methods="2" coveredmethods="2"/>
        <line num="1" count="1" type="stmt"/>
        <line num="2" count="1" type="stmt"/>
        <line num="4" count="1" type="stmt"/>
        <line num="5" count="2" type="cond" truecount="2" falsecount="0"/>
        <line num="6" count="1" type="stmt"/>
        <line num="8" count="1" type="stmt"/>
        <line num="13" count="1" type="stmt"/>
        <line num="14" count="3" type="cond" truecount="1" falsecount="1"/>
        <line num="15" count="3" type="cond" truecount="2" falsecount="0"/>
        <line num="16" count="2" type="stmt"/>
        <line num="18" count="1" type="stmt"/>
        <line num="21" count="0" type="stmt"/>
      </file>
      <file name="user-service.js" path="C:\Users\Chaima B.G\Desktop\Devops\myApp\services\user-service.js">
        <metrics statements="34" coveredstatements="28" conditionals="8" coveredconditionals="7" methods="4" coveredmethods="4"/>
        <line num="1" count="1" type="stmt"/>
        <line num="2" count="1" type="stmt"/>
        <line num="3" count="1" type="stmt"/>
        <line num="4" count="1" type="stmt"/>
        <line num="5" count="1" type="stmt"/>
        <line num="6" count="1" type="stmt"/>
        <line num="7" count="1" type="stmt"/>
        <line num="9" count="0" type="stmt"/>
        <line num="13" count="1" type="stmt"/>
        <line num="14" count="1" type="stmt"/>
        <line num="15" count="1" type="stmt"/>
        <line num="16" count="1" type="stmt"/>
        <line num="17" count="1" type="stmt"/>
        <line num="20" count="0" type="stmt"/>
        <line num="25" count="1" type="stmt"/>
        <line num="26" count="4" type="stmt"/>
        <line num="27" count="4" type="stmt"/>
        <line num="28" count="4" type="stmt"/>
        <line num="30" count="4" type="cond" truecount="6" falsecount="0"/>
        <line num="31" count="1" type="stmt"/>
        <line num="32" count="1" type="stmt"/>
        <line num="40" count="1" type="stmt"/>
        <line num="41" count="1" type="stmt"/>
        <line num="44" count="3" type="stmt"/>
        <line num="47" count="0" type="stmt"/>
        <line num="48" count="0" type="stmt"/>
        <line num="51" count="1" type="stmt"/>
        <line num="52" count="1" type="stmt"/>
        <line num="53" count="1" type="stmt"/>
        <line num="54" count="1" type="stmt"/>
        <line num="55" count="1" type="cond" truecount="1" falsecount="1"/>
        <line num="56" count="1" type="stmt"/>
        <line num="58" count="0" type="stmt"/>
        <line num="62" count="0" type="stmt"/>
      </file>
    </package>
  </project>
</coverage>
